<?xml version="1.0" encoding="UTF-8"?>
<testsuite name="AppTest" tests="2" skipped="0" failures="0" errors="0" timestamp="2025-07-20T15:51:45.126Z" hostname="powerbrick" time="0.003">
  <properties/>
  <testcase name="testAppOne" classname="AppTest" time="0.002"/>
  <testcase name="testAppTwo" classname="AppTest" time="0.0"/>
  <system-out><![CDATA[]]></system-out>
  <system-err><![CDATA[]]></system-err>
</testsuite>
